Using pre-set license
Built from '2021.3/china_unity/release' branch; Version is '2021.3.8f1c1 (c20728c1e961) revision 12715816'; Using compiler version '192829333'; Build Type 'Release'
OS: 'Windows 10  (10.0.19045) 64bit Professional' Language: 'zh' Physical Memory: 32682 MB
BatchMode: 1, IsHumanControllingUs: 0, StartBugReporterOnCrash: 0, Is64bit: 1, IsPro: 1

COMMAND LINE ARGUMENTS:
E:\Unity软件安装\2021.3.8f1c1\Editor\Unity.exe
-adb2
-batchMode
-noUpm
-name
AssetImportWorker1
-projectPath
D:/Unity projects/b站小冒险教程
-logFile
Logs/AssetImportWorker1.log
-srvPort
52852
Successfully changed project path to: D:/Unity projects/b站小冒险教程
D:/Unity projects/b站小冒险教程
[UnityMemory] Configuration Parameters - Can be set up in boot.config
    "memorysetup-bucket-allocator-granularity=16"
    "memorysetup-bucket-allocator-bucket-count=8"
    "memorysetup-bucket-allocator-block-size=33554432"
    "memorysetup-bucket-allocator-block-count=8"
    "memorysetup-main-allocator-block-size=16777216"
    "memorysetup-thread-allocator-block-size=16777216"
    "memorysetup-gfx-main-allocator-block-size=16777216"
    "memorysetup-gfx-thread-allocator-block-size=16777216"
    "memorysetup-cache-allocator-block-size=4194304"
    "memorysetup-typetree-allocator-block-size=2097152"
    "memorysetup-profiler-bucket-allocator-granularity=16"
    "memorysetup-profiler-bucket-allocator-bucket-count=8"
    "memorysetup-profiler-bucket-allocator-block-size=33554432"
    "memorysetup-profiler-bucket-allocator-block-count=8"
    "memorysetup-profiler-allocator-block-size=16777216"
    "memorysetup-profiler-editor-allocator-block-size=1048576"
    "memorysetup-temp-allocator-size-main=16777216"
    "memorysetup-job-temp-allocator-block-size=2097152"
    "memorysetup-job-temp-allocator-block-size-background=1048576"
    "memorysetup-job-temp-allocator-reduction-small-platforms=262144"
    "memorysetup-temp-allocator-size-background-worker=32768"
    "memorysetup-temp-allocator-size-job-worker=262144"
    "memorysetup-temp-allocator-size-preload-manager=33554432"
    "memorysetup-temp-allocator-size-nav-mesh-worker=65536"
    "memorysetup-temp-allocator-size-audio-worker=65536"
    "memorysetup-temp-allocator-size-cloud-worker=32768"
    "memorysetup-temp-allocator-size-gi-baking-worker=262144"
    "memorysetup-temp-allocator-size-gfx=262144"
AS: AutoStreaming module initializing.
Refreshing native plugins compatible for Editor in 178.70 ms, found 5 plugins.
Preloading 0 native plugins for Editor in 0.00 ms.
Initialize engine version: 2021.3.8f1c1 (c20728c1e961)
[Subsystems] Discovering subsystems at path E:/Unity软件安装/2021.3.8f1c1/Editor/Data/Resources/UnitySubsystems
[Subsystems] Discovering subsystems at path D:/Unity projects/b站小冒险教程/Assets
GfxDevice: creating device client; threaded=0; jobified=0
Direct3D:
    Version:  Direct3D 11.0 [level 11.1]
    Renderer: NVIDIA GeForce RTX 2080 SUPER (ID=0x1e81)
    Vendor:   NVIDIA
    VRAM:     8002 MB
    Driver:   31.0.15.4633
Initialize mono
Mono path[0] = 'E:/Unity软件安装/2021.3.8f1c1/Editor/Data/Managed'
Mono path[1] = 'E:/Unity软件安装/2021.3.8f1c1/Editor/Data/MonoBleedingEdge/lib/mono/unityjit-win32'
Mono config path = 'E:/Unity软件安装/2021.3.8f1c1/Editor/Data/MonoBleedingEdge/etc'
Using monoOptions --debugger-agent=transport=dt_socket,embedding=1,server=y,suspend=n,address=127.0.0.1:56716
Begin MonoManager ReloadAssembly
Registering precompiled unity dll's ...
Register platform support module: E:/Unity软件安装/2021.3.8f1c1/Editor/Data/PlaybackEngines/WindowsStandaloneSupport/UnityEditor.WindowsStandalone.Extensions.dll
Registered in 0.004434 seconds.
Native extension for WindowsStandalone target not found
Refreshing native plugins compatible for Editor in 173.66 ms, found 5 plugins.
Preloading 0 native plugins for Editor in 0.00 ms.
Mono: successfully reloaded assembly
- Completed reload, in  0.892 seconds
Domain Reload Profiling:
	ReloadAssembly (893ms)
		BeginReloadAssembly (98ms)
			ExecutionOrderSort (0ms)
			DisableScriptedObjects (0ms)
			BackupInstance (0ms)
			ReleaseScriptingObjects (0ms)
			CreateAndSetChildDomain (1ms)
		EndReloadAssembly (653ms)
			LoadAssemblies (93ms)
			RebuildTransferFunctionScriptingTraits (0ms)
			SetupTypeCache (135ms)
			ReleaseScriptCaches (0ms)
			RebuildScriptCaches (36ms)
			SetupLoadedEditorAssemblies (415ms)
				LogAssemblyErrors (0ms)
				InitializePlatformSupportModulesInManaged (8ms)
				SetLoadedEditorAssemblies (0ms)
				RefreshPlugins (174ms)
				BeforeProcessingInitializeOnLoad (2ms)
				ProcessInitializeOnLoadAttributes (162ms)
				ProcessInitializeOnLoadMethodAttributes (68ms)
				AfterProcessingInitializeOnLoad (0ms)
				EditorAssembliesLoaded (0ms)
			ExecutionOrderSort2 (0ms)
			AwakeInstancesAfterBackupRestoration (0ms)
Platform modules already initialized, skipping
Registering precompiled user dll's ...
Registered in 0.017492 seconds.
Begin MonoManager ReloadAssembly
Symbol file LoadedFromMemory doesn't match image D:\Unity projects\b站小冒险教程\Library\PackageCache\com.unity.visualscripting@1.7.8\Editor\VisualScripting.Core\Dependencies\YamlDotNet\Unity.VisualScripting.YamlDotNet.dll
Symbol file LoadedFromMemory doesn't match image D:\Unity projects\b站小冒险教程\Library\PackageCache\com.unity.visualscripting@1.7.8\Editor\VisualScripting.Core\Dependencies\DotNetZip\Unity.VisualScripting.IonicZip.dll
Native extension for WindowsStandalone target not found
Refreshing native plugins compatible for Editor in 177.12 ms, found 5 plugins.
Preloading 0 native plugins for Editor in 0.00 ms.
Mono: successfully reloaded assembly
- Completed reload, in  1.933 seconds
Domain Reload Profiling:
	ReloadAssembly (1934ms)
		BeginReloadAssembly (141ms)
			ExecutionOrderSort (0ms)
			DisableScriptedObjects (8ms)
			BackupInstance (0ms)
			ReleaseScriptingObjects (0ms)
			CreateAndSetChildDomain (23ms)
		EndReloadAssembly (1631ms)
			LoadAssemblies (115ms)
			RebuildTransferFunctionScriptingTraits (0ms)
			SetupTypeCache (467ms)
			ReleaseScriptCaches (1ms)
			RebuildScriptCaches (133ms)
			SetupLoadedEditorAssemblies (842ms)
				LogAssemblyErrors (0ms)
				InitializePlatformSupportModulesInManaged (5ms)
				SetLoadedEditorAssemblies (0ms)
				RefreshPlugins (177ms)
				BeforeProcessingInitializeOnLoad (186ms)
				ProcessInitializeOnLoadAttributes (360ms)
				ProcessInitializeOnLoadMethodAttributes (102ms)
				AfterProcessingInitializeOnLoad (11ms)
				EditorAssembliesLoaded (0ms)
			ExecutionOrderSort2 (0ms)
			AwakeInstancesAfterBackupRestoration (14ms)
Platform modules already initialized, skipping
========================================================================
Worker process is ready to serve import requests
Launched and connected shader compiler UnityShaderCompiler.exe after 0.05 seconds
Refreshing native plugins compatible for Editor in 1.13 ms, found 5 plugins.
Preloading 0 native plugins for Editor in 0.00 ms.
Unloading 6099 Unused Serialized files (Serialized files now loaded: 0)
Unloading 54 unused Assets / (1.6 MB). Loaded Objects now: 6554.
Memory consumption went from 246.2 MB to 244.6 MB.
Total: 5.412600 ms (FindLiveObjects: 0.471300 ms CreateObjectMapping: 0.870800 ms MarkObjects: 3.100600 ms  DeleteObjects: 0.968600 ms)

AssetImportParameters requested are different than current active one (requested -> active):
  custom:video-decoder-ogg-theora: a1e56fd34408186e4bbccfd4996cb3dc -> 
  custom:container-muxer-webm: aa71ff27fc2769a1b78a27578f13a17b -> 
  custom:container-demuxer-webm: 4f35f7cbe854078d1ac9338744f61a02 -> 
  custom:video-encoder-webm-vp8: eb34c28f22e8b96e1ab97ce403110664 -> 
  custom:audio-encoder-webm-vorbis: bf7c407c2cedff20999df2af8eb42d56 -> 
  custom:framework-win-MediaFoundation: 216162199b28c13a410421893ffa2e32 -> 
  custom:container-demuxer-ogg: 62fdf1f143b41e24485cea50d1cbac27 -> 
  custom:video-decoder-webm-vp8: 9c59270c3fd7afecdb556c50c9e8de78 -> 
  custom:audio-decoder-ogg-vorbis: bf7c407c2cedff20999df2af8eb42d56 -> 
========================================================================
Received Import Request.
  Time since last request: 8799.387119 seconds.
  path: Assets/ProjectLittleAdventurer/VFX/Textures/Ring02.png
  artifactKey: Guid(1896cadc4438be74c903cadbb27b75c9) Importer(815301076,1909f56bfc062723c751e8b465ee728b)
Start importing Assets/ProjectLittleAdventurer/VFX/Textures/Ring02.png using Guid(1896cadc4438be74c903cadbb27b75c9) Importer(815301076,1909f56bfc062723c751e8b465ee728b)  -> (artifact id: '17a60a452424b4c552a1854869b0e159') in 0.195329 seconds 
========================================================================
Received Import Request.
  Time since last request: 0.000032 seconds.
  path: Assets/ProjectLittleAdventurer/VFX/Materials/Shader Graphs_DissolveVFX Green.mat
  artifactKey: Guid(a2dd3c9ac6aeb1642a4f4b02a954abb4) Importer(815301076,1909f56bfc062723c751e8b465ee728b)
Start importing Assets/ProjectLittleAdventurer/VFX/Materials/Shader Graphs_DissolveVFX Green.mat using Guid(a2dd3c9ac6aeb1642a4f4b02a954abb4) Importer(815301076,1909f56bfc062723c751e8b465ee728b)  -> (artifact id: 'ce1106e8bfa3862689a85d8bf5288cdd') in 1.649283 seconds 
========================================================================
Received Import Request.
  Time since last request: 0.000124 seconds.
  path: Assets/ProjectLittleAdventurer/VFX/Materials/Sword Edge_Material.mat
  artifactKey: Guid(68b51178960d7474bb05e2a5f5f46184) Importer(815301076,1909f56bfc062723c751e8b465ee728b)
Start importing Assets/ProjectLittleAdventurer/VFX/Materials/Sword Edge_Material.mat using Guid(68b51178960d7474bb05e2a5f5f46184) Importer(815301076,1909f56bfc062723c751e8b465ee728b)  -> (artifact id: '2b929e0099fdf2dffeba028cb24c74ad') in 0.040115 seconds 
========================================================================
Received Import Request.
  Time since last request: 0.000035 seconds.
  path: Assets/ProjectLittleAdventurer/VFX/Textures/cloudSequence02.png
  artifactKey: Guid(ab147150cb840694bb691ff227ece79e) Importer(815301076,1909f56bfc062723c751e8b465ee728b)
Start importing Assets/ProjectLittleAdventurer/VFX/Textures/cloudSequence02.png using Guid(ab147150cb840694bb691ff227ece79e) Importer(815301076,1909f56bfc062723c751e8b465ee728b)  -> (artifact id: 'b2c0b52e8915e4a0fd5033ada6a8bd23') in 0.197510 seconds 
========================================================================
Received Import Request.
  Time since last request: 0.000109 seconds.
  path: Assets/ProjectLittleAdventurer/VFX/Materials/Bullet_Hit_Ring Green.mat
  artifactKey: Guid(8f7b19bb5e984e44e9592ce0d87b71d3) Importer(815301076,1909f56bfc062723c751e8b465ee728b)
Start importing Assets/ProjectLittleAdventurer/VFX/Materials/Bullet_Hit_Ring Green.mat using Guid(8f7b19bb5e984e44e9592ce0d87b71d3) Importer(815301076,1909f56bfc062723c751e8b465ee728b)  -> (artifact id: 'd91c97334e02e37294bab5aac7b1b9f2') in 0.131200 seconds 
========================================================================
Received Import Request.
  Time since last request: 0.000036 seconds.
  path: Assets/ProjectLittleAdventurer/VFX/Materials/Cloud_Material 1.mat
  artifactKey: Guid(2a74841d382c280428cadb909e33ae52) Importer(815301076,1909f56bfc062723c751e8b465ee728b)
Start importing Assets/ProjectLittleAdventurer/VFX/Materials/Cloud_Material 1.mat using Guid(2a74841d382c280428cadb909e33ae52) Importer(815301076,1909f56bfc062723c751e8b465ee728b)  -> (artifact id: '255317683e17fe307c02c7008e972866') in 0.027780 seconds 
========================================================================
Received Import Request.
  Time since last request: 0.000031 seconds.
  path: Assets/ProjectLittleAdventurer/VFX/Textures/Slash.png
  artifactKey: Guid(530bce7ae29b6e5449ea31f40a1e131b) Importer(815301076,1909f56bfc062723c751e8b465ee728b)
Start importing Assets/ProjectLittleAdventurer/VFX/Textures/Slash.png using Guid(530bce7ae29b6e5449ea31f40a1e131b) Importer(815301076,1909f56bfc062723c751e8b465ee728b)  -> (artifact id: '35ecbfbc278b114ca6d251618f7166c2') in 0.057275 seconds 
========================================================================
Received Import Request.
  Time since last request: 0.001276 seconds.
  path: Assets/ProjectLittleAdventurer/VFX/Textures/Circle_Soft.png
  artifactKey: Guid(9186a90003427f3478fd16e229a0b063) Importer(815301076,1909f56bfc062723c751e8b465ee728b)
Start importing Assets/ProjectLittleAdventurer/VFX/Textures/Circle_Soft.png using Guid(9186a90003427f3478fd16e229a0b063) Importer(815301076,1909f56bfc062723c751e8b465ee728b)  -> (artifact id: '7da62c91007a919bbfbcc7cbb962483c') in 0.050129 seconds 
========================================================================
Received Import Request.
  Time since last request: 0.000044 seconds.
  path: Assets/ProjectLittleAdventurer/VFX/Textures/Leaf.png
  artifactKey: Guid(41c2a2152622fba4089fff719886caa7) Importer(815301076,1909f56bfc062723c751e8b465ee728b)
Start importing Assets/ProjectLittleAdventurer/VFX/Textures/Leaf.png using Guid(41c2a2152622fba4089fff719886caa7) Importer(815301076,1909f56bfc062723c751e8b465ee728b)  -> (artifact id: 'ee68f905870036656bb97a5edf350492') in 0.068658 seconds 
========================================================================
Received Import Request.
  Time since last request: 0.000176 seconds.
  path: Assets/ProjectLittleAdventurer/VFX/Textures/Circle.png
  artifactKey: Guid(42917d51461ab1045bfa1ea72a205b00) Importer(815301076,1909f56bfc062723c751e8b465ee728b)
Start importing Assets/ProjectLittleAdventurer/VFX/Textures/Circle.png using Guid(42917d51461ab1045bfa1ea72a205b00) Importer(815301076,1909f56bfc062723c751e8b465ee728b)  -> (artifact id: '016d1434ea3916f3bf43ed867f6f4c87') in 0.038476 seconds 
========================================================================
Received Import Request.
  Time since last request: 0.000036 seconds.
  path: Assets/ProjectLittleAdventurer/VFX/Materials/Cloud_Material.mat
  artifactKey: Guid(abbee9d6adf013b4696cb3337a06ae69) Importer(815301076,1909f56bfc062723c751e8b465ee728b)
Start importing Assets/ProjectLittleAdventurer/VFX/Materials/Cloud_Material.mat using Guid(abbee9d6adf013b4696cb3337a06ae69) Importer(815301076,1909f56bfc062723c751e8b465ee728b)  -> (artifact id: '0a18dc04faca7d03103e73b4a2cc1308') in 0.064048 seconds 
========================================================================
Received Import Request.
  Time since last request: 0.000378 seconds.
  path: Assets/ProjectLittleAdventurer/VFX/Materials/Bullet_Core_VFX.mat
  artifactKey: Guid(b953090ae95b1c4449a9afdc2b5e4111) Importer(815301076,1909f56bfc062723c751e8b465ee728b)
Start importing Assets/ProjectLittleAdventurer/VFX/Materials/Bullet_Core_VFX.mat using Guid(b953090ae95b1c4449a9afdc2b5e4111) Importer(815301076,1909f56bfc062723c751e8b465ee728b)  -> (artifact id: 'bdca617aaede7fede067c9b44a8fc529') in 0.066846 seconds 
